Nov-06 18:57:28.472 [main] DEBUG nextflow.cli.Launcher - $> nextflow run /n/core/Bioinformatics/analysis/CompBio/boweny/nf-Pipeline/Scundo3_v3.0/main.nf --public_dataxlsx /n/core/Bioinformatics/analysis/CompBio/boweny/nf-Pipeline/Scundo3_v3.0/run/SRP360207_SampleSheetTemplate_fx2482.xlsx --lab Trainor --requester fx2482 -profile slurm
Nov-06 18:57:28.560 [main] INFO  nextflow.cli.CmdRun - N E X T F L O W  ~  version 23.04.2
Nov-06 18:57:28.576 [main] DEBUG nextflow.plugin.PluginsFacade - Setting up plugin manager > mode=prod; embedded=false; plugins-dir=/home/by2747/.nextflow/plugins; core-plugins: nf-amazon@1.16.2,nf-azure@1.0.1,nf-codecommit@0.1.4,nf-console@1.0.5,nf-ga4gh@1.0.5,nf-google@1.7.3,nf-tower@1.5.12,nf-wave@0.8.3
Nov-06 18:57:28.587 [main] INFO  org.pf4j.DefaultPluginStatusProvider - Enabled plugins: []
Nov-06 18:57:28.588 [main] INFO  org.pf4j.DefaultPluginStatusProvider - Disabled plugins: []
Nov-06 18:57:28.590 [main] INFO  org.pf4j.DefaultPluginManager - PF4J version 3.4.1 in 'deployment' mode
Nov-06 18:57:28.599 [main] INFO  org.pf4j.AbstractPluginManager - No plugins
Nov-06 18:57:28.611 [main] DEBUG nextflow.config.ConfigBuilder - Found config base: /n/core/Bioinformatics/analysis/CompBio/boweny/nf-Pipeline/Scundo3_v3.0/nextflow.config
Nov-06 18:57:28.612 [main] DEBUG nextflow.config.ConfigBuilder - Parsing config file: /n/core/Bioinformatics/analysis/CompBio/boweny/nf-Pipeline/Scundo3_v3.0/nextflow.config
Nov-06 18:57:28.631 [main] DEBUG nextflow.config.ConfigBuilder - Applying config profile: `slurm`
Nov-06 18:57:29.173 [main] DEBUG nextflow.config.ConfigBuilder - Available config profiles: [standard, slurm]
Nov-06 18:57:29.198 [main] DEBUG nextflow.cli.CmdRun - Applied DSL=2 by global default
Nov-06 18:57:29.213 [main] INFO  nextflow.cli.CmdRun - Launching `/n/core/Bioinformatics/analysis/CompBio/boweny/nf-Pipeline/Scundo3_v3.0/main.nf` [sharp_meninsky] DSL2 - revision: 92d05b6413
Nov-06 18:57:29.213 [main] DEBUG nextflow.plugin.PluginsFacade - Plugins default=[]
Nov-06 18:57:29.213 [main] DEBUG nextflow.plugin.PluginsFacade - Plugins resolved requirement=[]
Nov-06 18:57:29.226 [main] DEBUG nextflow.secret.LocalSecretsProvider - Secrets store: /home/by2747/.nextflow/secrets/store.json
Nov-06 18:57:29.230 [main] DEBUG nextflow.secret.SecretsLoader - Discovered secrets providers: [nextflow.secret.LocalSecretsProvider@1f346ad2] - activable => nextflow.secret.LocalSecretsProvider@1f346ad2
Nov-06 18:57:29.280 [main] DEBUG nextflow.Session - Session UUID: 42865fd1-5126-4b46-878e-2a995bd851ca
Nov-06 18:57:29.280 [main] DEBUG nextflow.Session - Run name: sharp_meninsky
Nov-06 18:57:29.281 [main] DEBUG nextflow.Session - Executor pool size: 64
Nov-06 18:57:29.290 [main] DEBUG nextflow.util.ThreadPoolBuilder - Creating thread pool 'FileTransfer' minSize=10; maxSize=192; workQueue=LinkedBlockingQueue[10000]; allowCoreThreadTimeout=false
Nov-06 18:57:29.311 [main] DEBUG nextflow.cli.CmdRun - 
  Version: 23.04.2 build 5870
  Created: 08-06-2023 08:29 UTC (03:29 CDT)
  System: Linux 4.18.0-477.13.1.el8_8.x86_64
  Runtime: Groovy 3.0.16 on OpenJDK 64-Bit Server VM 17.0.8+7-LTS
  Encoding: UTF-8 (UTF-8)
  Process: 3390520@cerebro [10.0.53.5]
  CPUs: 64 - Mem: 251.5 GB (2.6 GB) - Swap: 8 GB (0)
Nov-06 18:57:29.338 [main] DEBUG nextflow.Session - Work-dir: /n/core/Bioinformatics/analysis/CompBio/boweny/nf-Pipeline/Scundo3_v3.0/run/work [nfs]
Nov-06 18:57:29.362 [main] DEBUG nextflow.executor.ExecutorFactory - Extension executors providers=[]
Nov-06 18:57:29.370 [main] DEBUG nextflow.Session - Observer factory: DefaultObserverFactory
Nov-06 18:57:29.389 [main] DEBUG nextflow.cache.CacheFactory - Using Nextflow cache factory: nextflow.cache.DefaultCacheFactory
Nov-06 18:57:29.397 [main] DEBUG nextflow.util.CustomThreadPool - Creating default thread pool > poolSize: 65; maxThreads: 1000
Nov-06 18:57:29.482 [main] DEBUG nextflow.Session - Session start
Nov-06 18:57:29.851 [main] DEBUG nextflow.script.ScriptRunner - > Launching execution
Nov-06 18:57:30.994 [main] DEBUG nextflow.script.ProcessConfig - Config settings `withLabel:lil_mem` matches labels `lil_mem` for process with name samplesheet_process_publicSRAGEO
Nov-06 18:57:31.008 [main] DEBUG nextflow.executor.ExecutorFactory - << taskConfig executor: slurm
Nov-06 18:57:31.008 [main] DEBUG nextflow.executor.ExecutorFactory - >> processorType: 'slurm'
Nov-06 18:57:31.019 [main] DEBUG nextflow.executor.Executor - [warm up] executor > slurm
Nov-06 18:57:31.023 [main] DEBUG n.processor.TaskPollingMonitor - Creating task monitor for executor 'slurm' > capacity: 100; pollInterval: 5s; dumpInterval: 5m 
Nov-06 18:57:31.026 [main] DEBUG n.executor.AbstractGridExecutor - Creating executor 'slurm' > queue-stat-interval: 1m
Nov-06 18:57:31.133 [main] DEBUG nextflow.script.ProcessConfig - Config settings `withLabel:big_mem` matches labels `big_mem` for process with name SECUNDO3:STAR_n_mkdirs
Nov-06 18:57:31.135 [main] DEBUG nextflow.executor.ExecutorFactory - << taskConfig executor: slurm
Nov-06 18:57:31.135 [main] DEBUG nextflow.executor.ExecutorFactory - >> processorType: 'slurm'
Nov-06 18:57:31.146 [main] DEBUG nextflow.script.ProcessConfig - Config settings `withLabel:big_mem` matches labels `big_mem` for process with name SECUNDO3:RSEM_calculate
Nov-06 18:57:31.146 [main] DEBUG nextflow.executor.ExecutorFactory - << taskConfig executor: slurm
Nov-06 18:57:31.146 [main] DEBUG nextflow.executor.ExecutorFactory - >> processorType: 'slurm'
Nov-06 18:57:31.150 [main] DEBUG nextflow.script.ProcessConfig - Config settings `withLabel:big_mem` matches labels `big_mem` for process with name SECUNDO3:ERCC_control
Nov-06 18:57:31.151 [main] DEBUG nextflow.executor.ExecutorFactory - << taskConfig executor: slurm
Nov-06 18:57:31.151 [main] DEBUG nextflow.executor.ExecutorFactory - >> processorType: 'slurm'
Nov-06 18:57:31.154 [main] DEBUG nextflow.script.ProcessConfig - Config settings `withLabel:big_mem` matches labels `big_mem` for process with name SECUNDO3:picard_run
Nov-06 18:57:31.155 [main] DEBUG nextflow.executor.ExecutorFactory - << taskConfig executor: slurm
Nov-06 18:57:31.155 [main] DEBUG nextflow.executor.ExecutorFactory - >> processorType: 'slurm'
Nov-06 18:57:31.168 [main] DEBUG nextflow.script.ProcessConfig - Config settings `withLabel:small_mem` matches labels `small_mem` for process with name FINAL_REPORT:copy_index_files
Nov-06 18:57:31.169 [main] DEBUG nextflow.executor.ExecutorFactory - << taskConfig executor: slurm
Nov-06 18:57:31.169 [main] DEBUG nextflow.executor.ExecutorFactory - >> processorType: 'slurm'
Nov-06 18:57:31.176 [main] DEBUG nextflow.script.ProcessConfig - Config settings `withLabel:small_mem` matches labels `small_mem` for process with name FINAL_REPORT:target_tsv_lims_json_PublicData
Nov-06 18:57:31.176 [main] DEBUG nextflow.executor.ExecutorFactory - << taskConfig executor: slurm
Nov-06 18:57:31.176 [main] DEBUG nextflow.executor.ExecutorFactory - >> processorType: 'slurm'
Nov-06 18:57:31.181 [main] DEBUG nextflow.script.ProcessConfig - Config settings `withLabel:small_mem` matches labels `small_mem` for process with name FINAL_REPORT:run_RmarkDown_script
Nov-06 18:57:31.181 [main] DEBUG nextflow.executor.ExecutorFactory - << taskConfig executor: slurm
Nov-06 18:57:31.181 [main] DEBUG nextflow.executor.ExecutorFactory - >> processorType: 'slurm'
Nov-06 18:57:31.185 [main] DEBUG nextflow.script.ProcessConfig - Config settings `withLabel:small_mem` matches labels `small_mem` for process with name FINAL_REPORT:biotools_orderAppend
Nov-06 18:57:31.185 [main] DEBUG nextflow.executor.ExecutorFactory - << taskConfig executor: slurm
Nov-06 18:57:31.185 [main] DEBUG nextflow.executor.ExecutorFactory - >> processorType: 'slurm'
Nov-06 18:57:31.188 [main] DEBUG nextflow.Session - Workflow process names [dsl2]: ERCC_control, FINAL_REPORT:target_tsv_lims_json_PublicData, SECUNDO3:RSEM_calculate, STAR_n_mkdirs, deep_tools_coverage, SECUNDO3:picard_run, samplesheet_process, deep_tools_correlation, picard_run, bowtie2_samtools_n_mkdirs, FINAL_REPORT:copy_index_files, target_tsv_lims_json, SECUNDO3:STAR_n_mkdirs, run_RmarkDown_script, copy_index_files, biotools_orderAppend, SECUNDO3:ERCC_control, target_tsv_lims_json_PublicData, FINAL_REPORT:biotools_orderAppend, samplesheet_process_publicSRAGEO, FINAL_REPORT:run_RmarkDown_script, RSEM_calculate
Nov-06 18:57:31.188 [main] DEBUG nextflow.Session - Igniting dataflow network (9)
Nov-06 18:57:31.188 [main] DEBUG nextflow.processor.TaskProcessor - Starting process > samplesheet_process_publicSRAGEO
Nov-06 18:57:31.189 [main] DEBUG nextflow.processor.TaskProcessor - Starting process > SECUNDO3:STAR_n_mkdirs
Nov-06 18:57:31.189 [main] DEBUG nextflow.processor.TaskProcessor - Starting process > SECUNDO3:RSEM_calculate
Nov-06 18:57:31.190 [main] DEBUG nextflow.processor.TaskProcessor - Starting process > SECUNDO3:ERCC_control
Nov-06 18:57:31.190 [main] DEBUG nextflow.processor.TaskProcessor - Starting process > SECUNDO3:picard_run
Nov-06 18:57:31.190 [main] DEBUG nextflow.processor.TaskProcessor - Starting process > FINAL_REPORT:copy_index_files
Nov-06 18:57:31.190 [main] DEBUG nextflow.processor.TaskProcessor - Starting process > FINAL_REPORT:target_tsv_lims_json_PublicData
Nov-06 18:57:31.191 [main] DEBUG nextflow.processor.TaskProcessor - Starting process > FINAL_REPORT:run_RmarkDown_script
Nov-06 18:57:31.191 [main] DEBUG nextflow.processor.TaskProcessor - Starting process > FINAL_REPORT:biotools_orderAppend
Nov-06 18:57:31.191 [main] DEBUG nextflow.script.ScriptRunner - > Awaiting termination 
Nov-06 18:57:31.191 [main] DEBUG nextflow.Session - Session await
Nov-06 18:57:31.280 [Actor Thread 22] DEBUG nextflow.conda.CondaCache - conda found local env for environment=/home/by2747/miniconda3/envs/Secundo2; path=/home/by2747/miniconda3/envs/Secundo2
Nov-06 18:57:31.425 [Task submitter] DEBUG nextflow.executor.GridTaskHandler - [SLURM] submitted process samplesheet_process_publicSRAGEO > jobId: 74702; workDir: /n/core/Bioinformatics/analysis/CompBio/boweny/nf-Pipeline/Scundo3_v3.0/run/work/36/cdce86546b67a84a0f833fae7730dc
Nov-06 18:57:31.426 [Task submitter] INFO  nextflow.Session - [36/cdce86] Submitted process > samplesheet_process_publicSRAGEO
Nov-06 18:58:11.043 [Task monitor] DEBUG n.processor.TaskPollingMonitor - Task completed > TaskHandler[jobId: 74702; id: 1; name: samplesheet_process_publicSRAGEO; status: COMPLETED; exit: 0; error: -; workDir: /n/core/Bioinformatics/analysis/CompBio/boweny/nf-Pipeline/Scundo3_v3.0/run/work/36/cdce86546b67a84a0f833fae7730dc started: 1699318656038; exited: 2023-11-07T00:58:06.869048Z; ]
Nov-06 18:58:11.069 [Task monitor] DEBUG nextflow.util.ThreadPoolBuilder - Creating thread pool 'PublishDir' minSize=10; maxSize=192; workQueue=LinkedBlockingQueue[10000]; allowCoreThreadTimeout=false
Nov-06 18:58:11.177 [Task submitter] DEBUG nextflow.executor.GridTaskHandler - [SLURM] submitted process SECUNDO3:STAR_n_mkdirs (4) > jobId: 74703; workDir: /n/core/Bioinformatics/analysis/CompBio/boweny/nf-Pipeline/Scundo3_v3.0/run/work/8f/3480b7203e62ccb2e2d95585e4e968
Nov-06 18:58:11.177 [Task submitter] INFO  nextflow.Session - [8f/3480b7] Submitted process > SECUNDO3:STAR_n_mkdirs (4)
Nov-06 18:58:11.215 [Task submitter] DEBUG nextflow.executor.GridTaskHandler - [SLURM] submitted process SECUNDO3:STAR_n_mkdirs (1) > jobId: 74704; workDir: /n/core/Bioinformatics/analysis/CompBio/boweny/nf-Pipeline/Scundo3_v3.0/run/work/a1/eda3e7356f63354b6f8db15ec0d4b6
Nov-06 18:58:11.215 [Task submitter] INFO  nextflow.Session - [a1/eda3e7] Submitted process > SECUNDO3:STAR_n_mkdirs (1)
Nov-06 18:58:11.250 [Task submitter] DEBUG nextflow.executor.GridTaskHandler - [SLURM] submitted process SECUNDO3:STAR_n_mkdirs (6) > jobId: 74705; workDir: /n/core/Bioinformatics/analysis/CompBio/boweny/nf-Pipeline/Scundo3_v3.0/run/work/a9/a39b338ca5f4839152240c7426d498
Nov-06 18:58:11.250 [Task submitter] INFO  nextflow.Session - [a9/a39b33] Submitted process > SECUNDO3:STAR_n_mkdirs (6)
Nov-06 18:58:11.287 [Task submitter] DEBUG nextflow.executor.GridTaskHandler - [SLURM] submitted process SECUNDO3:STAR_n_mkdirs (3) > jobId: 74706; workDir: /n/core/Bioinformatics/analysis/CompBio/boweny/nf-Pipeline/Scundo3_v3.0/run/work/9f/420ca7b2f80a6cec2efeaa2cad2888
Nov-06 18:58:11.288 [Task submitter] INFO  nextflow.Session - [9f/420ca7] Submitted process > SECUNDO3:STAR_n_mkdirs (3)
Nov-06 18:58:11.325 [Task submitter] DEBUG nextflow.executor.GridTaskHandler - [SLURM] submitted process SECUNDO3:STAR_n_mkdirs (10) > jobId: 74707; workDir: /n/core/Bioinformatics/analysis/CompBio/boweny/nf-Pipeline/Scundo3_v3.0/run/work/f2/32725c887dea4017becbd005075019
Nov-06 18:58:11.325 [Task submitter] INFO  nextflow.Session - [f2/32725c] Submitted process > SECUNDO3:STAR_n_mkdirs (10)
Nov-06 18:58:11.360 [Task submitter] DEBUG nextflow.executor.GridTaskHandler - [SLURM] submitted process SECUNDO3:STAR_n_mkdirs (8) > jobId: 74708; workDir: /n/core/Bioinformatics/analysis/CompBio/boweny/nf-Pipeline/Scundo3_v3.0/run/work/ac/ff6b70adcc0149ff9ddb8918acedbb
Nov-06 18:58:11.360 [Task submitter] INFO  nextflow.Session - [ac/ff6b70] Submitted process > SECUNDO3:STAR_n_mkdirs (8)
Nov-06 18:58:11.396 [Task submitter] DEBUG nextflow.executor.GridTaskHandler - [SLURM] submitted process SECUNDO3:STAR_n_mkdirs (9) > jobId: 74709; workDir: /n/core/Bioinformatics/analysis/CompBio/boweny/nf-Pipeline/Scundo3_v3.0/run/work/73/6429728a50abcbe6ea61e3b87ea134
Nov-06 18:58:11.396 [Task submitter] INFO  nextflow.Session - [73/642972] Submitted process > SECUNDO3:STAR_n_mkdirs (9)
Nov-06 18:58:11.433 [Task submitter] DEBUG nextflow.executor.GridTaskHandler - [SLURM] submitted process SECUNDO3:STAR_n_mkdirs (7) > jobId: 74710; workDir: /n/core/Bioinformatics/analysis/CompBio/boweny/nf-Pipeline/Scundo3_v3.0/run/work/3a/3d40988e46f5666d7504f1b16965c2
Nov-06 18:58:11.434 [Task submitter] INFO  nextflow.Session - [3a/3d4098] Submitted process > SECUNDO3:STAR_n_mkdirs (7)
Nov-06 18:58:11.468 [Task submitter] DEBUG nextflow.executor.GridTaskHandler - [SLURM] submitted process SECUNDO3:STAR_n_mkdirs (5) > jobId: 74711; workDir: /n/core/Bioinformatics/analysis/CompBio/boweny/nf-Pipeline/Scundo3_v3.0/run/work/db/3624bd6bcddd11e512d9a0ddadf37d
Nov-06 18:58:11.468 [Task submitter] INFO  nextflow.Session - [db/3624bd] Submitted process > SECUNDO3:STAR_n_mkdirs (5)
Nov-06 18:58:11.503 [Task submitter] DEBUG nextflow.executor.GridTaskHandler - [SLURM] submitted process SECUNDO3:STAR_n_mkdirs (2) > jobId: 74712; workDir: /n/core/Bioinformatics/analysis/CompBio/boweny/nf-Pipeline/Scundo3_v3.0/run/work/dd/b716a1d5ccbe4bb655fd65551a3e77
Nov-06 18:58:11.503 [Task submitter] INFO  nextflow.Session - [dd/b716a1] Submitted process > SECUNDO3:STAR_n_mkdirs (2)
Nov-06 19:01:51.056 [Task monitor] DEBUG n.processor.TaskPollingMonitor - Task completed > TaskHandler[jobId: 74712; id: 3; name: SECUNDO3:STAR_n_mkdirs (2); status: COMPLETED; exit: 0; error: -; workDir: /n/core/Bioinformatics/analysis/CompBio/boweny/nf-Pipeline/Scundo3_v3.0/run/work/dd/b716a1d5ccbe4bb655fd65551a3e77 started: 1699318696066; exited: 2023-11-07T01:01:48.672706Z; ]
Nov-06 19:01:51.368 [Task submitter] DEBUG nextflow.executor.GridTaskHandler - [SLURM] submitted process SECUNDO3:ERCC_control (1) > jobId: 74713; workDir: /n/core/Bioinformatics/analysis/CompBio/boweny/nf-Pipeline/Scundo3_v3.0/run/work/97/fa340b53abfeded2a3ab24f25c4b0f
Nov-06 19:01:51.369 [Task submitter] INFO  nextflow.Session - [97/fa340b] Submitted process > SECUNDO3:ERCC_control (1)
Nov-06 19:01:52.079 [Task submitter] DEBUG nextflow.executor.GridTaskHandler - [SLURM] submitted process SECUNDO3:RSEM_calculate (1) > jobId: 74714; workDir: /n/core/Bioinformatics/analysis/CompBio/boweny/nf-Pipeline/Scundo3_v3.0/run/work/a8/de3cc7dd90d251f35d3d99cb3e9feb
Nov-06 19:01:52.079 [Task submitter] INFO  nextflow.Session - [a8/de3cc7] Submitted process > SECUNDO3:RSEM_calculate (1)
Nov-06 19:01:54.247 [Task submitter] DEBUG nextflow.executor.GridTaskHandler - [SLURM] submitted process SECUNDO3:picard_run (1) > jobId: 74715; workDir: /n/core/Bioinformatics/analysis/CompBio/boweny/nf-Pipeline/Scundo3_v3.0/run/work/37/86903d89b4ce1360b5d94869bf8d32
Nov-06 19:01:54.247 [Task submitter] INFO  nextflow.Session - [37/86903d] Submitted process > SECUNDO3:picard_run (1)
Nov-06 19:02:36.053 [Task monitor] DEBUG n.processor.TaskPollingMonitor - !! executor slurm > tasks to be completed: 12 -- submitted tasks are shown below
~> TaskHandler[jobId: 74703; id: 5; name: SECUNDO3:STAR_n_mkdirs (4); status: RUNNING; exit: -; error: -; workDir: /n/core/Bioinformatics/analysis/CompBio/boweny/nf-Pipeline/Scundo3_v3.0/run/work/8f/3480b7203e62ccb2e2d95585e4e968 started: 1699318696037; exited: -; ]
~> TaskHandler[jobId: 74704; id: 2; name: SECUNDO3:STAR_n_mkdirs (1); status: RUNNING; exit: -; error: -; workDir: /n/core/Bioinformatics/analysis/CompBio/boweny/nf-Pipeline/Scundo3_v3.0/run/work/a1/eda3e7356f63354b6f8db15ec0d4b6 started: 1699318696041; exited: -; ]
~> TaskHandler[jobId: 74705; id: 7; name: SECUNDO3:STAR_n_mkdirs (6); status: RUNNING; exit: -; error: -; workDir: /n/core/Bioinformatics/analysis/CompBio/boweny/nf-Pipeline/Scundo3_v3.0/run/work/a9/a39b338ca5f4839152240c7426d498 started: 1699318696045; exited: -; ]
~> TaskHandler[jobId: 74706; id: 4; name: SECUNDO3:STAR_n_mkdirs (3); status: RUNNING; exit: -; error: -; workDir: /n/core/Bioinformatics/analysis/CompBio/boweny/nf-Pipeline/Scundo3_v3.0/run/work/9f/420ca7b2f80a6cec2efeaa2cad2888 started: 1699318696049; exited: -; ]
~> TaskHandler[jobId: 74707; id: 11; name: SECUNDO3:STAR_n_mkdirs (10); status: RUNNING; exit: -; error: -; workDir: /n/core/Bioinformatics/analysis/CompBio/boweny/nf-Pipeline/Scundo3_v3.0/run/work/f2/32725c887dea4017becbd005075019 started: 1699318696052; exited: -; ]
~> TaskHandler[jobId: 74708; id: 9; name: SECUNDO3:STAR_n_mkdirs (8); status: RUNNING; exit: -; error: -; workDir: /n/core/Bioinformatics/analysis/CompBio/boweny/nf-Pipeline/Scundo3_v3.0/run/work/ac/ff6b70adcc0149ff9ddb8918acedbb started: 1699318696055; exited: -; ]
~> TaskHandler[jobId: 74709; id: 10; name: SECUNDO3:STAR_n_mkdirs (9); status: RUNNING; exit: -; error: -; workDir: /n/core/Bioinformatics/analysis/CompBio/boweny/nf-Pipeline/Scundo3_v3.0/run/work/73/6429728a50abcbe6ea61e3b87ea134 started: 1699318696058; exited: -; ]
~> TaskHandler[jobId: 74710; id: 8; name: SECUNDO3:STAR_n_mkdirs (7); status: RUNNING; exit: -; error: -; workDir: /n/core/Bioinformatics/analysis/CompBio/boweny/nf-Pipeline/Scundo3_v3.0/run/work/3a/3d40988e46f5666d7504f1b16965c2 started: 1699318696061; exited: -; ]
~> TaskHandler[jobId: 74711; id: 6; name: SECUNDO3:STAR_n_mkdirs (5); status: RUNNING; exit: -; error: -; workDir: /n/core/Bioinformatics/analysis/CompBio/boweny/nf-Pipeline/Scundo3_v3.0/run/work/db/3624bd6bcddd11e512d9a0ddadf37d started: 1699318696063; exited: -; ]
~> TaskHandler[jobId: 74713; id: 13; name: SECUNDO3:ERCC_control (1); status: RUNNING; exit: -; error: -; workDir: /n/core/Bioinformatics/analysis/CompBio/boweny/nf-Pipeline/Scundo3_v3.0/run/work/97/fa340b53abfeded2a3ab24f25c4b0f started: 1699318916049; exited: -; ]
.. remaining tasks omitted.
Nov-06 19:02:46.055 [Task monitor] DEBUG nextflow.file.FileHelper - NFS path (true): /n/core/Bioinformatics/analysis/CompBio/boweny/nf-Pipeline/Scundo3_v3.0/run/work
Nov-06 19:02:46.115 [Task monitor] DEBUG n.processor.TaskPollingMonitor - Task completed > TaskHandler[jobId: 74703; id: 5; name: SECUNDO3:STAR_n_mkdirs (4); status: COMPLETED; exit: 0; error: -; workDir: /n/core/Bioinformatics/analysis/CompBio/boweny/nf-Pipeline/Scundo3_v3.0/run/work/8f/3480b7203e62ccb2e2d95585e4e968 started: 1699318696037; exited: 2023-11-07T01:02:29.560878Z; ]
Nov-06 19:02:46.159 [Task monitor] DEBUG n.processor.TaskPollingMonitor - Task completed > TaskHandler[jobId: 74704; id: 2; name: SECUNDO3:STAR_n_mkdirs (1); status: COMPLETED; exit: 0; error: -; workDir: /n/core/Bioinformatics/analysis/CompBio/boweny/nf-Pipeline/Scundo3_v3.0/run/work/a1/eda3e7356f63354b6f8db15ec0d4b6 started: 1699318696041; exited: 2023-11-07T01:02:16.611371Z; ]
Nov-06 19:02:46.247 [Task submitter] DEBUG nextflow.executor.GridTaskHandler - [SLURM] submitted process SECUNDO3:picard_run (2) > jobId: 74716; workDir: /n/core/Bioinformatics/analysis/CompBio/boweny/nf-Pipeline/Scundo3_v3.0/run/work/63/d0628b479ea2b7b4dcc710a859bdbd
Nov-06 19:02:46.247 [Task submitter] INFO  nextflow.Session - [63/d0628b] Submitted process > SECUNDO3:picard_run (2)
Nov-06 19:02:46.268 [Task monitor] DEBUG n.processor.TaskPollingMonitor - Task completed > TaskHandler[jobId: 74705; id: 7; name: SECUNDO3:STAR_n_mkdirs (6); status: COMPLETED; exit: 0; error: -; workDir: /n/core/Bioinformatics/analysis/CompBio/boweny/nf-Pipeline/Scundo3_v3.0/run/work/a9/a39b338ca5f4839152240c7426d498 started: 1699318696045; exited: 2023-11-07T01:02:08.111353Z; ]
Nov-06 19:02:47.636 [Task submitter] DEBUG nextflow.executor.GridTaskHandler - [SLURM] submitted process SECUNDO3:ERCC_control (2) > jobId: 74717; workDir: /n/core/Bioinformatics/analysis/CompBio/boweny/nf-Pipeline/Scundo3_v3.0/run/work/b7/234d699a01bdb90c6da8f076090cf6
Nov-06 19:02:47.636 [Task submitter] INFO  nextflow.Session - [b7/234d69] Submitted process > SECUNDO3:ERCC_control (2)
Nov-06 19:02:47.641 [Task monitor] DEBUG n.processor.TaskPollingMonitor - Task completed > TaskHandler[jobId: 74706; id: 4; name: SECUNDO3:STAR_n_mkdirs (3); status: COMPLETED; exit: 0; error: -; workDir: /n/core/Bioinformatics/analysis/CompBio/boweny/nf-Pipeline/Scundo3_v3.0/run/work/9f/420ca7b2f80a6cec2efeaa2cad2888 started: 1699318696049; exited: 2023-11-07T01:02:18.105698Z; ]
Nov-06 19:02:51.231 [Task submitter] DEBUG nextflow.executor.GridTaskHandler - [SLURM] submitted process SECUNDO3:RSEM_calculate (2) > jobId: 74718; workDir: /n/core/Bioinformatics/analysis/CompBio/boweny/nf-Pipeline/Scundo3_v3.0/run/work/84/0d0e42d57daac8b7b043069cf50ba1
Nov-06 19:02:51.232 [Task submitter] INFO  nextflow.Session - [84/0d0e42] Submitted process > SECUNDO3:RSEM_calculate (2)
Nov-06 19:02:51.260 [Task monitor] DEBUG n.processor.TaskPollingMonitor - Task completed > TaskHandler[jobId: 74707; id: 11; name: SECUNDO3:STAR_n_mkdirs (10); status: COMPLETED; exit: 0; error: -; workDir: /n/core/Bioinformatics/analysis/CompBio/boweny/nf-Pipeline/Scundo3_v3.0/run/work/f2/32725c887dea4017becbd005075019 started: 1699318696052; exited: 2023-11-07T01:02:40.883165Z; ]
Nov-06 19:02:56.830 [Task submitter] DEBUG nextflow.executor.GridTaskHandler - [SLURM] submitted process SECUNDO3:ERCC_control (3) > jobId: 74719; workDir: /n/core/Bioinformatics/analysis/CompBio/boweny/nf-Pipeline/Scundo3_v3.0/run/work/7f/1485310823c37e52b032ce7fb96dde
Nov-06 19:02:56.831 [Task monitor] DEBUG n.processor.TaskPollingMonitor - Task completed > TaskHandler[jobId: 74708; id: 9; name: SECUNDO3:STAR_n_mkdirs (8); status: COMPLETED; exit: 0; error: -; workDir: /n/core/Bioinformatics/analysis/CompBio/boweny/nf-Pipeline/Scundo3_v3.0/run/work/ac/ff6b70adcc0149ff9ddb8918acedbb started: 1699318696055; exited: 2023-11-07T01:02:20.18737Z; ]
Nov-06 19:02:56.832 [Task submitter] INFO  nextflow.Session - [7f/148531] Submitted process > SECUNDO3:ERCC_control (3)
Nov-06 19:02:59.043 [Task monitor] DEBUG n.processor.TaskPollingMonitor - Task completed > TaskHandler[jobId: 74709; id: 10; name: SECUNDO3:STAR_n_mkdirs (9); status: COMPLETED; exit: 0; error: -; workDir: /n/core/Bioinformatics/analysis/CompBio/boweny/nf-Pipeline/Scundo3_v3.0/run/work/73/6429728a50abcbe6ea61e3b87ea134 started: 1699318696058; exited: 2023-11-07T01:02:26.59613Z; ]
Nov-06 19:02:59.044 [Task submitter] DEBUG nextflow.executor.GridTaskHandler - [SLURM] submitted process SECUNDO3:RSEM_calculate (3) > jobId: 74720; workDir: /n/core/Bioinformatics/analysis/CompBio/boweny/nf-Pipeline/Scundo3_v3.0/run/work/50/16a3682cc2ab9e8f05fb19ca4b5f93
Nov-06 19:02:59.045 [Task submitter] INFO  nextflow.Session - [50/16a368] Submitted process > SECUNDO3:RSEM_calculate (3)
Nov-06 19:03:02.291 [Task submitter] DEBUG nextflow.executor.GridTaskHandler - [SLURM] submitted process SECUNDO3:picard_run (3) > jobId: 74721; workDir: /n/core/Bioinformatics/analysis/CompBio/boweny/nf-Pipeline/Scundo3_v3.0/run/work/91/00cdbd138983db01057d4056d72f2d
Nov-06 19:03:02.291 [Task submitter] INFO  nextflow.Session - [91/00cdbd] Submitted process > SECUNDO3:picard_run (3)
Nov-06 19:03:02.294 [Task monitor] DEBUG n.processor.TaskPollingMonitor - Task completed > TaskHandler[jobId: 74710; id: 8; name: SECUNDO3:STAR_n_mkdirs (7); status: COMPLETED; exit: 0; error: -; workDir: /n/core/Bioinformatics/analysis/CompBio/boweny/nf-Pipeline/Scundo3_v3.0/run/work/3a/3d40988e46f5666d7504f1b16965c2 started: 1699318696061; exited: 2023-11-07T01:02:32.428375Z; ]
Nov-06 19:03:04.805 [Task monitor] DEBUG n.processor.TaskPollingMonitor - Task completed > TaskHandler[jobId: 74711; id: 6; name: SECUNDO3:STAR_n_mkdirs (5); status: COMPLETED; exit: 0; error: -; workDir: /n/core/Bioinformatics/analysis/CompBio/boweny/nf-Pipeline/Scundo3_v3.0/run/work/db/3624bd6bcddd11e512d9a0ddadf37d started: 1699318696063; exited: 2023-11-07T01:02:14.394989Z; ]
Nov-06 19:03:04.901 [Task monitor] DEBUG n.processor.TaskPollingMonitor - Task completed > TaskHandler[jobId: 74715; id: 12; name: SECUNDO3:picard_run (1); status: COMPLETED; exit: 0; error: -; workDir: /n/core/Bioinformatics/analysis/CompBio/boweny/nf-Pipeline/Scundo3_v3.0/run/work/37/86903d89b4ce1360b5d94869bf8d32 started: 1699318916056; exited: 2023-11-07T01:02:36.789868Z; ]
Nov-06 19:03:06.145 [Task submitter] DEBUG nextflow.executor.GridTaskHandler - [SLURM] submitted process SECUNDO3:ERCC_control (4) > jobId: 74722; workDir: /n/core/Bioinformatics/analysis/CompBio/boweny/nf-Pipeline/Scundo3_v3.0/run/work/53/625cf26398742b6cfd09d73260e0e2
Nov-06 19:03:06.145 [Task submitter] INFO  nextflow.Session - [53/625cf2] Submitted process > SECUNDO3:ERCC_control (4)
Nov-06 19:03:07.419 [Task submitter] DEBUG nextflow.executor.GridTaskHandler - [SLURM] submitted process SECUNDO3:picard_run (4) > jobId: 74723; workDir: /n/core/Bioinformatics/analysis/CompBio/boweny/nf-Pipeline/Scundo3_v3.0/run/work/82/1414164c955c691e15349db32b40e3
Nov-06 19:03:07.420 [Task submitter] INFO  nextflow.Session - [82/141416] Submitted process > SECUNDO3:picard_run (4)
Nov-06 19:03:09.719 [Task submitter] DEBUG nextflow.executor.GridTaskHandler - [SLURM] submitted process SECUNDO3:RSEM_calculate (4) > jobId: 74724; workDir: /n/core/Bioinformatics/analysis/CompBio/boweny/nf-Pipeline/Scundo3_v3.0/run/work/f8/969fea1e022ff4ce801b9c7b76029f
Nov-06 19:03:09.721 [Task submitter] INFO  nextflow.Session - [f8/969fea] Submitted process > SECUNDO3:RSEM_calculate (4)
Nov-06 19:03:09.765 [Task submitter] DEBUG nextflow.executor.GridTaskHandler - [SLURM] submitted process SECUNDO3:ERCC_control (5) > jobId: 74725; workDir: /n/core/Bioinformatics/analysis/CompBio/boweny/nf-Pipeline/Scundo3_v3.0/run/work/39/8363d462db34f3fd0bac0f1de32f07
Nov-06 19:03:09.766 [Task submitter] INFO  nextflow.Session - [39/8363d4] Submitted process > SECUNDO3:ERCC_control (5)
Nov-06 19:03:09.805 [Task submitter] DEBUG nextflow.executor.GridTaskHandler - [SLURM] submitted process SECUNDO3:RSEM_calculate (5) > jobId: 74726; workDir: /n/core/Bioinformatics/analysis/CompBio/boweny/nf-Pipeline/Scundo3_v3.0/run/work/6d/e303cd40edf3fa0982603545dff9e8
Nov-06 19:03:09.806 [Task submitter] INFO  nextflow.Session - [6d/e303cd] Submitted process > SECUNDO3:RSEM_calculate (5)
Nov-06 19:03:09.836 [Task submitter] DEBUG nextflow.executor.GridTaskHandler - [SLURM] submitted process SECUNDO3:picard_run (5) > jobId: 74727; workDir: /n/core/Bioinformatics/analysis/CompBio/boweny/nf-Pipeline/Scundo3_v3.0/run/work/54/2730c59711c2829afd6f5745bd8c88
Nov-06 19:03:09.836 [Task submitter] INFO  nextflow.Session - [54/2730c5] Submitted process > SECUNDO3:picard_run (5)
Nov-06 19:03:09.866 [Task submitter] DEBUG nextflow.executor.GridTaskHandler - [SLURM] submitted process SECUNDO3:RSEM_calculate (6) > jobId: 74728; workDir: /n/core/Bioinformatics/analysis/CompBio/boweny/nf-Pipeline/Scundo3_v3.0/run/work/c6/4a5db14d45691db23c40336210c552
Nov-06 19:03:09.867 [Task submitter] INFO  nextflow.Session - [c6/4a5db1] Submitted process > SECUNDO3:RSEM_calculate (6)
Nov-06 19:03:09.904 [Task submitter] DEBUG nextflow.executor.GridTaskHandler - [SLURM] submitted process SECUNDO3:picard_run (6) > jobId: 74729; workDir: /n/core/Bioinformatics/analysis/CompBio/boweny/nf-Pipeline/Scundo3_v3.0/run/work/70/16e2c03e73098f5975ae592164b778
Nov-06 19:03:09.904 [Task submitter] INFO  nextflow.Session - [70/16e2c0] Submitted process > SECUNDO3:picard_run (6)
Nov-06 19:03:09.942 [Task submitter] DEBUG nextflow.executor.GridTaskHandler - [SLURM] submitted process SECUNDO3:ERCC_control (6) > jobId: 74730; workDir: /n/core/Bioinformatics/analysis/CompBio/boweny/nf-Pipeline/Scundo3_v3.0/run/work/2d/9df74a3da144767c2639a9d811580c
Nov-06 19:03:09.942 [Task submitter] INFO  nextflow.Session - [2d/9df74a] Submitted process > SECUNDO3:ERCC_control (6)
Nov-06 19:03:09.978 [Task submitter] DEBUG nextflow.executor.GridTaskHandler - [SLURM] submitted process SECUNDO3:RSEM_calculate (7) > jobId: 74731; workDir: /n/core/Bioinformatics/analysis/CompBio/boweny/nf-Pipeline/Scundo3_v3.0/run/work/85/d2154dd12b8f036d196cee9778f71f
Nov-06 19:03:09.979 [Task submitter] INFO  nextflow.Session - [85/d2154d] Submitted process > SECUNDO3:RSEM_calculate (7)
Nov-06 19:03:10.013 [Task submitter] DEBUG nextflow.executor.GridTaskHandler - [SLURM] submitted process SECUNDO3:ERCC_control (7) > jobId: 74732; workDir: /n/core/Bioinformatics/analysis/CompBio/boweny/nf-Pipeline/Scundo3_v3.0/run/work/2a/7011b20bd040be4d0bdf0e379b3ea7
Nov-06 19:03:10.014 [Task submitter] INFO  nextflow.Session - [2a/7011b2] Submitted process > SECUNDO3:ERCC_control (7)
Nov-06 19:03:10.051 [Task submitter] DEBUG nextflow.executor.GridTaskHandler - [SLURM] submitted process SECUNDO3:picard_run (7) > jobId: 74733; workDir: /n/core/Bioinformatics/analysis/CompBio/boweny/nf-Pipeline/Scundo3_v3.0/run/work/e1/294ad4e4691a17418bdc3333096108
Nov-06 19:03:10.051 [Task submitter] INFO  nextflow.Session - [e1/294ad4] Submitted process > SECUNDO3:picard_run (7)
Nov-06 19:03:10.090 [Task submitter] DEBUG nextflow.executor.GridTaskHandler - [SLURM] submitted process SECUNDO3:ERCC_control (8) > jobId: 74734; workDir: /n/core/Bioinformatics/analysis/CompBio/boweny/nf-Pipeline/Scundo3_v3.0/run/work/85/75dc875a70aaf773ac5fb567b7f8fe
Nov-06 19:03:10.090 [Task submitter] INFO  nextflow.Session - [85/75dc87] Submitted process > SECUNDO3:ERCC_control (8)
Nov-06 19:03:10.126 [Task submitter] DEBUG nextflow.executor.GridTaskHandler - [SLURM] submitted process SECUNDO3:picard_run (8) > jobId: 74735; workDir: /n/core/Bioinformatics/analysis/CompBio/boweny/nf-Pipeline/Scundo3_v3.0/run/work/3e/628842307e5df8fe0ed8978618aca8
Nov-06 19:03:10.127 [Task submitter] INFO  nextflow.Session - [3e/628842] Submitted process > SECUNDO3:picard_run (8)
Nov-06 19:03:10.163 [Task submitter] DEBUG nextflow.executor.GridTaskHandler - [SLURM] submitted process SECUNDO3:RSEM_calculate (8) > jobId: 74736; workDir: /n/core/Bioinformatics/analysis/CompBio/boweny/nf-Pipeline/Scundo3_v3.0/run/work/dc/c0757bc2767611d4a4565d0dd67763
Nov-06 19:03:10.164 [Task submitter] INFO  nextflow.Session - [dc/c0757b] Submitted process > SECUNDO3:RSEM_calculate (8)
Nov-06 19:03:10.198 [Task submitter] DEBUG nextflow.executor.GridTaskHandler - [SLURM] submitted process SECUNDO3:picard_run (9) > jobId: 74737; workDir: /n/core/Bioinformatics/analysis/CompBio/boweny/nf-Pipeline/Scundo3_v3.0/run/work/c6/f512584937253d80e5c29d25dfc9d7
Nov-06 19:03:10.198 [Task submitter] INFO  nextflow.Session - [c6/f51258] Submitted process > SECUNDO3:picard_run (9)
Nov-06 19:03:10.232 [Task submitter] DEBUG nextflow.executor.GridTaskHandler - [SLURM] submitted process SECUNDO3:ERCC_control (9) > jobId: 74738; workDir: /n/core/Bioinformatics/analysis/CompBio/boweny/nf-Pipeline/Scundo3_v3.0/run/work/65/ca86eb7c00d4621bc8c07228f81152
Nov-06 19:03:10.232 [Task submitter] INFO  nextflow.Session - [65/ca86eb] Submitted process > SECUNDO3:ERCC_control (9)
Nov-06 19:03:10.259 [Task submitter] DEBUG nextflow.executor.GridTaskHandler - [SLURM] submitted process SECUNDO3:RSEM_calculate (9) > jobId: 74739; workDir: /n/core/Bioinformatics/analysis/CompBio/boweny/nf-Pipeline/Scundo3_v3.0/run/work/c0/2efbd25993c3781a6e64acd7654059
Nov-06 19:03:10.260 [Task submitter] INFO  nextflow.Session - [c0/2efbd2] Submitted process > SECUNDO3:RSEM_calculate (9)
Nov-06 19:03:10.289 [Task submitter] DEBUG nextflow.executor.GridTaskHandler - [SLURM] submitted process SECUNDO3:ERCC_control (10) > jobId: 74740; workDir: /n/core/Bioinformatics/analysis/CompBio/boweny/nf-Pipeline/Scundo3_v3.0/run/work/38/55cda433749d5c2d672481dfc6aaa3
Nov-06 19:03:10.289 [Task submitter] INFO  nextflow.Session - [38/55cda4] Submitted process > SECUNDO3:ERCC_control (10)
Nov-06 19:03:10.323 [Task submitter] DEBUG nextflow.executor.GridTaskHandler - [SLURM] submitted process SECUNDO3:picard_run (10) > jobId: 74741; workDir: /n/core/Bioinformatics/analysis/CompBio/boweny/nf-Pipeline/Scundo3_v3.0/run/work/67/653d77ed316c43da21a87ec5e7d9bd
Nov-06 19:03:10.324 [Task submitter] INFO  nextflow.Session - [67/653d77] Submitted process > SECUNDO3:picard_run (10)
Nov-06 19:03:10.374 [Task submitter] DEBUG nextflow.executor.GridTaskHandler - [SLURM] submitted process SECUNDO3:RSEM_calculate (10) > jobId: 74742; workDir: /n/core/Bioinformatics/analysis/CompBio/boweny/nf-Pipeline/Scundo3_v3.0/run/work/99/4b8a692ea7a022e1e2f5efb7a5b2c1
Nov-06 19:03:10.375 [Task submitter] INFO  nextflow.Session - [99/4b8a69] Submitted process > SECUNDO3:RSEM_calculate (10)
Nov-06 19:03:40.070 [Task monitor] DEBUG n.processor.TaskPollingMonitor - Task completed > TaskHandler[jobId: 74716; id: 15; name: SECUNDO3:picard_run (2); status: COMPLETED; exit: 0; error: -; workDir: /n/core/Bioinformatics/analysis/CompBio/boweny/nf-Pipeline/Scundo3_v3.0/run/work/63/d0628b479ea2b7b4dcc710a859bdbd started: 1699318985065; exited: 2023-11-07T01:03:37.898908Z; ]
Nov-06 19:04:10.069 [Task monitor] DEBUG n.processor.TaskPollingMonitor - Task completed > TaskHandler[jobId: 74713; id: 13; name: SECUNDO3:ERCC_control (1); status: COMPLETED; exit: 0; error: -; workDir: /n/core/Bioinformatics/analysis/CompBio/boweny/nf-Pipeline/Scundo3_v3.0/run/work/97/fa340b53abfeded2a3ab24f25c4b0f started: 1699318916049; exited: 2023-11-07T01:04:06.576559Z; ]
Nov-06 19:04:15.073 [Task monitor] DEBUG n.processor.TaskPollingMonitor - Task completed > TaskHandler[jobId: 74721; id: 19; name: SECUNDO3:picard_run (3); status: COMPLETED; exit: 0; error: -; workDir: /n/core/Bioinformatics/analysis/CompBio/boweny/nf-Pipeline/Scundo3_v3.0/run/work/91/00cdbd138983db01057d4056d72f2d started: 1699318985098; exited: 2023-11-07T01:03:43.906246Z; ]
Nov-06 19:04:15.092 [Task monitor] DEBUG n.processor.TaskPollingMonitor - Task completed > TaskHandler[jobId: 74723; id: 21; name: SECUNDO3:picard_run (4); status: COMPLETED; exit: 0; error: -; workDir: /n/core/Bioinformatics/analysis/CompBio/boweny/nf-Pipeline/Scundo3_v3.0/run/work/82/1414164c955c691e15349db32b40e3 started: 1699318990066; exited: 2023-11-07T01:03:52.056173Z; ]
Nov-06 19:04:15.115 [Task monitor] DEBUG n.processor.TaskPollingMonitor - Task completed > TaskHandler[jobId: 74727; id: 26; name: SECUNDO3:picard_run (5); status: COMPLETED; exit: 0; error: -; workDir: /n/core/Bioinformatics/analysis/CompBio/boweny/nf-Pipeline/Scundo3_v3.0/run/work/54/2730c59711c2829afd6f5745bd8c88 started: 1699319020111; exited: 2023-11-07T01:04:01.035316Z; ]
Nov-06 19:04:15.132 [Task monitor] DEBUG n.processor.TaskPollingMonitor - Task completed > TaskHandler[jobId: 74729; id: 28; name: SECUNDO3:picard_run (6); status: COMPLETED; exit: 0; error: -; workDir: /n/core/Bioinformatics/analysis/CompBio/boweny/nf-Pipeline/Scundo3_v3.0/run/work/70/16e2c03e73098f5975ae592164b778 started: 1699319020117; exited: 2023-11-07T01:03:57.575275Z; ]
Nov-06 19:04:15.150 [Task monitor] DEBUG n.processor.TaskPollingMonitor - Task completed > TaskHandler[jobId: 74733; id: 31; name: SECUNDO3:picard_run (7); status: COMPLETED; exit: 0; error: -; workDir: /n/core/Bioinformatics/analysis/CompBio/boweny/nf-Pipeline/Scundo3_v3.0/run/work/e1/294ad4e4691a17418bdc3333096108 started: 1699319020128; exited: 2023-11-07T01:03:51.349172Z; ]
Nov-06 19:04:15.168 [Task monitor] DEBUG n.processor.TaskPollingMonitor - Task completed > TaskHandler[jobId: 74735; id: 34; name: SECUNDO3:picard_run (8); status: COMPLETED; exit: 0; error: -; workDir: /n/core/Bioinformatics/analysis/CompBio/boweny/nf-Pipeline/Scundo3_v3.0/run/work/3e/628842307e5df8fe0ed8978618aca8 started: 1699318995069; exited: 2023-11-07T01:03:57.127355Z; ]
Nov-06 19:04:15.185 [Task monitor] DEBUG n.processor.TaskPollingMonitor - Task completed > TaskHandler[jobId: 74737; id: 38; name: SECUNDO3:picard_run (9); status: COMPLETED; exit: 0; error: -; workDir: /n/core/Bioinformatics/analysis/CompBio/boweny/nf-Pipeline/Scundo3_v3.0/run/work/c6/f512584937253d80e5c29d25dfc9d7 started: 1699318995074; exited: 2023-11-07T01:04:02.423379Z; ]
Nov-06 19:04:15.204 [Task monitor] DEBUG n.processor.TaskPollingMonitor - Task completed > TaskHandler[jobId: 74741; id: 41; name: SECUNDO3:picard_run (10); status: COMPLETED; exit: 0; error: -; workDir: /n/core/Bioinformatics/analysis/CompBio/boweny/nf-Pipeline/Scundo3_v3.0/run/work/67/653d77ed316c43da21a87ec5e7d9bd started: 1699318995084; exited: 2023-11-07T01:03:56.705531Z; ]
Nov-06 19:05:20.070 [Task monitor] DEBUG n.processor.TaskPollingMonitor - Task completed > TaskHandler[jobId: 74719; id: 20; name: SECUNDO3:ERCC_control (3); status: COMPLETED; exit: 0; error: -; workDir: /n/core/Bioinformatics/analysis/CompBio/boweny/nf-Pipeline/Scundo3_v3.0/run/work/7f/1485310823c37e52b032ce7fb96dde started: 1699318985085; exited: 2023-11-07T01:05:14.111141Z; ]
Nov-06 19:05:50.092 [Task monitor] DEBUG n.processor.TaskPollingMonitor - Task completed > TaskHandler[jobId: 74717; id: 16; name: SECUNDO3:ERCC_control (2); status: COMPLETED; exit: 0; error: -; workDir: /n/core/Bioinformatics/analysis/CompBio/boweny/nf-Pipeline/Scundo3_v3.0/run/work/b7/234d699a01bdb90c6da8f076090cf6 started: 1699318985072; exited: 2023-11-07T01:05:32.258332Z; ]
Nov-06 19:05:50.127 [Task monitor] DEBUG n.processor.TaskPollingMonitor - Task completed > TaskHandler[jobId: 74722; id: 22; name: SECUNDO3:ERCC_control (4); status: COMPLETED; exit: 0; error: -; workDir: /n/core/Bioinformatics/analysis/CompBio/boweny/nf-Pipeline/Scundo3_v3.0/run/work/53/625cf26398742b6cfd09d73260e0e2 started: 1699318990063; exited: 2023-11-07T01:05:21.783583Z; ]
Nov-06 19:05:50.143 [Task monitor] DEBUG n.processor.TaskPollingMonitor - Task completed > TaskHandler[jobId: 74725; id: 24; name: SECUNDO3:ERCC_control (5); status: COMPLETED; exit: 0; error: -; workDir: /n/core/Bioinformatics/analysis/CompBio/boweny/nf-Pipeline/Scundo3_v3.0/run/work/39/8363d462db34f3fd0bac0f1de32f07 started: 1699319020105; exited: 2023-11-07T01:05:39.515856Z; ]
Nov-06 19:05:50.207 [Task monitor] DEBUG n.processor.TaskPollingMonitor - Task completed > TaskHandler[jobId: 74730; id: 27; name: SECUNDO3:ERCC_control (6); status: COMPLETED; exit: 0; error: -; workDir: /n/core/Bioinformatics/analysis/CompBio/boweny/nf-Pipeline/Scundo3_v3.0/run/work/2d/9df74a3da144767c2639a9d811580c started: 1699319020120; exited: 2023-11-07T01:05:42.169736Z; ]
Nov-06 19:05:50.288 [Task monitor] DEBUG n.processor.TaskPollingMonitor - Task completed > TaskHandler[jobId: 74732; id: 32; name: SECUNDO3:ERCC_control (7); status: COMPLETED; exit: 0; error: -; workDir: /n/core/Bioinformatics/analysis/CompBio/boweny/nf-Pipeline/Scundo3_v3.0/run/work/2a/7011b20bd040be4d0bdf0e379b3ea7 started: 1699319020125; exited: 2023-11-07T01:05:37.987133Z; ]
Nov-06 19:05:50.479 [Task monitor] DEBUG n.processor.TaskPollingMonitor - Task completed > TaskHandler[jobId: 74734; id: 35; name: SECUNDO3:ERCC_control (8); status: COMPLETED; exit: 0; error: -; workDir: /n/core/Bioinformatics/analysis/CompBio/boweny/nf-Pipeline/Scundo3_v3.0/run/work/85/75dc875a70aaf773ac5fb567b7f8fe started: 1699318995065; exited: 2023-11-07T01:05:42.755147Z; ]
Nov-06 19:05:50.494 [Task monitor] DEBUG n.processor.TaskPollingMonitor - Task completed > TaskHandler[jobId: 74738; id: 36; name: SECUNDO3:ERCC_control (9); status: COMPLETED; exit: 0; error: -; workDir: /n/core/Bioinformatics/analysis/CompBio/boweny/nf-Pipeline/Scundo3_v3.0/run/work/65/ca86eb7c00d4621bc8c07228f81152 started: 1699318995077; exited: 2023-11-07T01:05:48.058037Z; ]
Nov-06 19:05:50.518 [Task monitor] DEBUG n.processor.TaskPollingMonitor - Task completed > TaskHandler[jobId: 74740; id: 39; name: SECUNDO3:ERCC_control (10); status: COMPLETED; exit: 0; error: -; workDir: /n/core/Bioinformatics/analysis/CompBio/boweny/nf-Pipeline/Scundo3_v3.0/run/work/38/55cda433749d5c2d672481dfc6aaa3 started: 1699318995082; exited: 2023-11-07T01:05:45.331805Z; ]
Nov-06 19:07:40.073 [Task monitor] DEBUG n.processor.TaskPollingMonitor - !! executor slurm > tasks to be completed: 10 -- submitted tasks are shown below
~> TaskHandler[jobId: 74714; id: 14; name: SECUNDO3:RSEM_calculate (1); status: RUNNING; exit: -; error: -; workDir: /n/core/Bioinformatics/analysis/CompBio/boweny/nf-Pipeline/Scundo3_v3.0/run/work/a8/de3cc7dd90d251f35d3d99cb3e9feb started: 1699318916053; exited: -; ]
~> TaskHandler[jobId: 74718; id: 17; name: SECUNDO3:RSEM_calculate (2); status: RUNNING; exit: -; error: -; workDir: /n/core/Bioinformatics/analysis/CompBio/boweny/nf-Pipeline/Scundo3_v3.0/run/work/84/0d0e42d57daac8b7b043069cf50ba1 started: 1699318985078; exited: -; ]
~> TaskHandler[jobId: 74720; id: 18; name: SECUNDO3:RSEM_calculate (3); status: RUNNING; exit: -; error: -; workDir: /n/core/Bioinformatics/analysis/CompBio/boweny/nf-Pipeline/Scundo3_v3.0/run/work/50/16a3682cc2ab9e8f05fb19ca4b5f93 started: 1699318985091; exited: -; ]
~> TaskHandler[jobId: 74724; id: 23; name: SECUNDO3:RSEM_calculate (4); status: RUNNING; exit: -; error: -; workDir: /n/core/Bioinformatics/analysis/CompBio/boweny/nf-Pipeline/Scundo3_v3.0/run/work/f8/969fea1e022ff4ce801b9c7b76029f started: 1699319020102; exited: -; ]
~> TaskHandler[jobId: 74726; id: 25; name: SECUNDO3:RSEM_calculate (5); status: RUNNING; exit: -; error: -; workDir: /n/core/Bioinformatics/analysis/CompBio/boweny/nf-Pipeline/Scundo3_v3.0/run/work/6d/e303cd40edf3fa0982603545dff9e8 started: 1699319020108; exited: -; ]
~> TaskHandler[jobId: 74728; id: 29; name: SECUNDO3:RSEM_calculate (6); status: RUNNING; exit: -; error: -; workDir: /n/core/Bioinformatics/analysis/CompBio/boweny/nf-Pipeline/Scundo3_v3.0/run/work/c6/4a5db14d45691db23c40336210c552 started: 1699319020114; exited: -; ]
~> TaskHandler[jobId: 74731; id: 30; name: SECUNDO3:RSEM_calculate (7); status: RUNNING; exit: -; error: -; workDir: /n/core/Bioinformatics/analysis/CompBio/boweny/nf-Pipeline/Scundo3_v3.0/run/work/85/d2154dd12b8f036d196cee9778f71f started: 1699319020122; exited: -; ]
~> TaskHandler[jobId: 74736; id: 33; name: SECUNDO3:RSEM_calculate (8); status: RUNNING; exit: -; error: -; workDir: /n/core/Bioinformatics/analysis/CompBio/boweny/nf-Pipeline/Scundo3_v3.0/run/work/dc/c0757bc2767611d4a4565d0dd67763 started: 1699318995072; exited: -; ]
~> TaskHandler[jobId: 74739; id: 37; name: SECUNDO3:RSEM_calculate (9); status: RUNNING; exit: -; error: -; workDir: /n/core/Bioinformatics/analysis/CompBio/boweny/nf-Pipeline/Scundo3_v3.0/run/work/c0/2efbd25993c3781a6e64acd7654059 started: 1699318995079; exited: -; ]
~> TaskHandler[jobId: 74742; id: 40; name: SECUNDO3:RSEM_calculate (10); status: RUNNING; exit: -; error: -; workDir: /n/core/Bioinformatics/analysis/CompBio/boweny/nf-Pipeline/Scundo3_v3.0/run/work/99/4b8a692ea7a022e1e2f5efb7a5b2c1 started: 1699318995086; exited: -; ]
Nov-06 19:12:40.085 [Task monitor] DEBUG n.processor.TaskPollingMonitor - !! executor slurm > tasks to be completed: 10 -- submitted tasks are shown below
~> TaskHandler[jobId: 74714; id: 14; name: SECUNDO3:RSEM_calculate (1); status: RUNNING; exit: -; error: -; workDir: /n/core/Bioinformatics/analysis/CompBio/boweny/nf-Pipeline/Scundo3_v3.0/run/work/a8/de3cc7dd90d251f35d3d99cb3e9feb started: 1699318916053; exited: -; ]
~> TaskHandler[jobId: 74718; id: 17; name: SECUNDO3:RSEM_calculate (2); status: RUNNING; exit: -; error: -; workDir: /n/core/Bioinformatics/analysis/CompBio/boweny/nf-Pipeline/Scundo3_v3.0/run/work/84/0d0e42d57daac8b7b043069cf50ba1 started: 1699318985078; exited: -; ]
~> TaskHandler[jobId: 74720; id: 18; name: SECUNDO3:RSEM_calculate (3); status: RUNNING; exit: -; error: -; workDir: /n/core/Bioinformatics/analysis/CompBio/boweny/nf-Pipeline/Scundo3_v3.0/run/work/50/16a3682cc2ab9e8f05fb19ca4b5f93 started: 1699318985091; exited: -; ]
~> TaskHandler[jobId: 74724; id: 23; name: SECUNDO3:RSEM_calculate (4); status: RUNNING; exit: -; error: -; workDir: /n/core/Bioinformatics/analysis/CompBio/boweny/nf-Pipeline/Scundo3_v3.0/run/work/f8/969fea1e022ff4ce801b9c7b76029f started: 1699319020102; exited: -; ]
~> TaskHandler[jobId: 74726; id: 25; name: SECUNDO3:RSEM_calculate (5); status: RUNNING; exit: -; error: -; workDir: /n/core/Bioinformatics/analysis/CompBio/boweny/nf-Pipeline/Scundo3_v3.0/run/work/6d/e303cd40edf3fa0982603545dff9e8 started: 1699319020108; exited: -; ]
~> TaskHandler[jobId: 74728; id: 29; name: SECUNDO3:RSEM_calculate (6); status: RUNNING; exit: -; error: -; workDir: /n/core/Bioinformatics/analysis/CompBio/boweny/nf-Pipeline/Scundo3_v3.0/run/work/c6/4a5db14d45691db23c40336210c552 started: 1699319020114; exited: -; ]
~> TaskHandler[jobId: 74731; id: 30; name: SECUNDO3:RSEM_calculate (7); status: RUNNING; exit: -; error: -; workDir: /n/core/Bioinformatics/analysis/CompBio/boweny/nf-Pipeline/Scundo3_v3.0/run/work/85/d2154dd12b8f036d196cee9778f71f started: 1699319020122; exited: -; ]
~> TaskHandler[jobId: 74736; id: 33; name: SECUNDO3:RSEM_calculate (8); status: RUNNING; exit: -; error: -; workDir: /n/core/Bioinformatics/analysis/CompBio/boweny/nf-Pipeline/Scundo3_v3.0/run/work/dc/c0757bc2767611d4a4565d0dd67763 started: 1699318995072; exited: -; ]
~> TaskHandler[jobId: 74739; id: 37; name: SECUNDO3:RSEM_calculate (9); status: RUNNING; exit: -; error: -; workDir: /n/core/Bioinformatics/analysis/CompBio/boweny/nf-Pipeline/Scundo3_v3.0/run/work/c0/2efbd25993c3781a6e64acd7654059 started: 1699318995079; exited: -; ]
~> TaskHandler[jobId: 74742; id: 40; name: SECUNDO3:RSEM_calculate (10); status: RUNNING; exit: -; error: -; workDir: /n/core/Bioinformatics/analysis/CompBio/boweny/nf-Pipeline/Scundo3_v3.0/run/work/99/4b8a692ea7a022e1e2f5efb7a5b2c1 started: 1699318995086; exited: -; ]
Nov-06 19:17:40.100 [Task monitor] DEBUG n.processor.TaskPollingMonitor - !! executor slurm > tasks to be completed: 10 -- submitted tasks are shown below
~> TaskHandler[jobId: 74714; id: 14; name: SECUNDO3:RSEM_calculate (1); status: RUNNING; exit: -; error: -; workDir: /n/core/Bioinformatics/analysis/CompBio/boweny/nf-Pipeline/Scundo3_v3.0/run/work/a8/de3cc7dd90d251f35d3d99cb3e9feb started: 1699318916053; exited: -; ]
~> TaskHandler[jobId: 74718; id: 17; name: SECUNDO3:RSEM_calculate (2); status: RUNNING; exit: -; error: -; workDir: /n/core/Bioinformatics/analysis/CompBio/boweny/nf-Pipeline/Scundo3_v3.0/run/work/84/0d0e42d57daac8b7b043069cf50ba1 started: 1699318985078; exited: -; ]
~> TaskHandler[jobId: 74720; id: 18; name: SECUNDO3:RSEM_calculate (3); status: RUNNING; exit: -; error: -; workDir: /n/core/Bioinformatics/analysis/CompBio/boweny/nf-Pipeline/Scundo3_v3.0/run/work/50/16a3682cc2ab9e8f05fb19ca4b5f93 started: 1699318985091; exited: -; ]
~> TaskHandler[jobId: 74724; id: 23; name: SECUNDO3:RSEM_calculate (4); status: RUNNING; exit: -; error: -; workDir: /n/core/Bioinformatics/analysis/CompBio/boweny/nf-Pipeline/Scundo3_v3.0/run/work/f8/969fea1e022ff4ce801b9c7b76029f started: 1699319020102; exited: -; ]
~> TaskHandler[jobId: 74726; id: 25; name: SECUNDO3:RSEM_calculate (5); status: RUNNING; exit: -; error: -; workDir: /n/core/Bioinformatics/analysis/CompBio/boweny/nf-Pipeline/Scundo3_v3.0/run/work/6d/e303cd40edf3fa0982603545dff9e8 started: 1699319020108; exited: -; ]
~> TaskHandler[jobId: 74728; id: 29; name: SECUNDO3:RSEM_calculate (6); status: RUNNING; exit: -; error: -; workDir: /n/core/Bioinformatics/analysis/CompBio/boweny/nf-Pipeline/Scundo3_v3.0/run/work/c6/4a5db14d45691db23c40336210c552 started: 1699319020114; exited: -; ]
~> TaskHandler[jobId: 74731; id: 30; name: SECUNDO3:RSEM_calculate (7); status: RUNNING; exit: -; error: -; workDir: /n/core/Bioinformatics/analysis/CompBio/boweny/nf-Pipeline/Scundo3_v3.0/run/work/85/d2154dd12b8f036d196cee9778f71f started: 1699319020122; exited: -; ]
~> TaskHandler[jobId: 74736; id: 33; name: SECUNDO3:RSEM_calculate (8); status: RUNNING; exit: -; error: -; workDir: /n/core/Bioinformatics/analysis/CompBio/boweny/nf-Pipeline/Scundo3_v3.0/run/work/dc/c0757bc2767611d4a4565d0dd67763 started: 1699318995072; exited: -; ]
~> TaskHandler[jobId: 74739; id: 37; name: SECUNDO3:RSEM_calculate (9); status: RUNNING; exit: -; error: -; workDir: /n/core/Bioinformatics/analysis/CompBio/boweny/nf-Pipeline/Scundo3_v3.0/run/work/c0/2efbd25993c3781a6e64acd7654059 started: 1699318995079; exited: -; ]
~> TaskHandler[jobId: 74742; id: 40; name: SECUNDO3:RSEM_calculate (10); status: RUNNING; exit: -; error: -; workDir: /n/core/Bioinformatics/analysis/CompBio/boweny/nf-Pipeline/Scundo3_v3.0/run/work/99/4b8a692ea7a022e1e2f5efb7a5b2c1 started: 1699318995086; exited: -; ]
Nov-06 19:19:25.112 [Task monitor] DEBUG n.processor.TaskPollingMonitor - Task completed > TaskHandler[jobId: 74736; id: 33; name: SECUNDO3:RSEM_calculate (8); status: COMPLETED; exit: 0; error: -; workDir: /n/core/Bioinformatics/analysis/CompBio/boweny/nf-Pipeline/Scundo3_v3.0/run/work/dc/c0757bc2767611d4a4565d0dd67763 started: 1699318995072; exited: 2023-11-07T01:18:56.602633Z; ]
Nov-06 19:20:30.114 [Task monitor] DEBUG n.processor.TaskPollingMonitor - Task completed > TaskHandler[jobId: 74742; id: 40; name: SECUNDO3:RSEM_calculate (10); status: COMPLETED; exit: 0; error: -; workDir: /n/core/Bioinformatics/analysis/CompBio/boweny/nf-Pipeline/Scundo3_v3.0/run/work/99/4b8a692ea7a022e1e2f5efb7a5b2c1 started: 1699318995086; exited: 2023-11-07T01:20:08.846016Z; ]
Nov-06 19:21:50.176 [Task monitor] DEBUG n.processor.TaskPollingMonitor - Task completed > TaskHandler[jobId: 74714; id: 14; name: SECUNDO3:RSEM_calculate (1); status: COMPLETED; exit: 0; error: -; workDir: /n/core/Bioinformatics/analysis/CompBio/boweny/nf-Pipeline/Scundo3_v3.0/run/work/a8/de3cc7dd90d251f35d3d99cb3e9feb started: 1699318916053; exited: 2023-11-07T01:21:37.617791Z; ]
Nov-06 19:22:25.121 [Task monitor] DEBUG n.processor.TaskPollingMonitor - Task completed > TaskHandler[jobId: 74726; id: 25; name: SECUNDO3:RSEM_calculate (5); status: COMPLETED; exit: 0; error: -; workDir: /n/core/Bioinformatics/analysis/CompBio/boweny/nf-Pipeline/Scundo3_v3.0/run/work/6d/e303cd40edf3fa0982603545dff9e8 started: 1699319020108; exited: 2023-11-07T01:22:20.304106Z; ]
Nov-06 19:22:40.115 [Task monitor] DEBUG n.processor.TaskPollingMonitor - !! executor slurm > tasks to be completed: 6 -- submitted tasks are shown below
~> TaskHandler[jobId: 74718; id: 17; name: SECUNDO3:RSEM_calculate (2); status: RUNNING; exit: -; error: -; workDir: /n/core/Bioinformatics/analysis/CompBio/boweny/nf-Pipeline/Scundo3_v3.0/run/work/84/0d0e42d57daac8b7b043069cf50ba1 started: 1699318985078; exited: -; ]
~> TaskHandler[jobId: 74720; id: 18; name: SECUNDO3:RSEM_calculate (3); status: RUNNING; exit: -; error: -; workDir: /n/core/Bioinformatics/analysis/CompBio/boweny/nf-Pipeline/Scundo3_v3.0/run/work/50/16a3682cc2ab9e8f05fb19ca4b5f93 started: 1699318985091; exited: -; ]
~> TaskHandler[jobId: 74724; id: 23; name: SECUNDO3:RSEM_calculate (4); status: RUNNING; exit: -; error: -; workDir: /n/core/Bioinformatics/analysis/CompBio/boweny/nf-Pipeline/Scundo3_v3.0/run/work/f8/969fea1e022ff4ce801b9c7b76029f started: 1699319020102; exited: -; ]
~> TaskHandler[jobId: 74728; id: 29; name: SECUNDO3:RSEM_calculate (6); status: RUNNING; exit: -; error: -; workDir: /n/core/Bioinformatics/analysis/CompBio/boweny/nf-Pipeline/Scundo3_v3.0/run/work/c6/4a5db14d45691db23c40336210c552 started: 1699319020114; exited: -; ]
~> TaskHandler[jobId: 74731; id: 30; name: SECUNDO3:RSEM_calculate (7); status: RUNNING; exit: -; error: -; workDir: /n/core/Bioinformatics/analysis/CompBio/boweny/nf-Pipeline/Scundo3_v3.0/run/work/85/d2154dd12b8f036d196cee9778f71f started: 1699319020122; exited: -; ]
~> TaskHandler[jobId: 74739; id: 37; name: SECUNDO3:RSEM_calculate (9); status: RUNNING; exit: -; error: -; workDir: /n/core/Bioinformatics/analysis/CompBio/boweny/nf-Pipeline/Scundo3_v3.0/run/work/c0/2efbd25993c3781a6e64acd7654059 started: 1699318995079; exited: -; ]
Nov-06 19:22:50.142 [Task monitor] DEBUG n.processor.TaskPollingMonitor - Task completed > TaskHandler[jobId: 74731; id: 30; name: SECUNDO3:RSEM_calculate (7); status: COMPLETED; exit: 0; error: -; workDir: /n/core/Bioinformatics/analysis/CompBio/boweny/nf-Pipeline/Scundo3_v3.0/run/work/85/d2154dd12b8f036d196cee9778f71f started: 1699319020122; exited: 2023-11-07T01:22:40.463158Z; ]
Nov-06 19:23:25.122 [Task monitor] DEBUG n.processor.TaskPollingMonitor - Task completed > TaskHandler[jobId: 74724; id: 23; name: SECUNDO3:RSEM_calculate (4); status: COMPLETED; exit: 0; error: -; workDir: /n/core/Bioinformatics/analysis/CompBio/boweny/nf-Pipeline/Scundo3_v3.0/run/work/f8/969fea1e022ff4ce801b9c7b76029f started: 1699319020102; exited: 2023-11-07T01:23:02.608147Z; ]
Nov-06 19:24:30.124 [Task monitor] DEBUG n.processor.TaskPollingMonitor - Task completed > TaskHandler[jobId: 74728; id: 29; name: SECUNDO3:RSEM_calculate (6); status: COMPLETED; exit: 0; error: -; workDir: /n/core/Bioinformatics/analysis/CompBio/boweny/nf-Pipeline/Scundo3_v3.0/run/work/c6/4a5db14d45691db23c40336210c552 started: 1699319020114; exited: 2023-11-07T01:24:10.985001Z; ]
Nov-06 19:24:30.144 [Task monitor] DEBUG n.processor.TaskPollingMonitor - Task completed > TaskHandler[jobId: 74739; id: 37; name: SECUNDO3:RSEM_calculate (9); status: COMPLETED; exit: 0; error: -; workDir: /n/core/Bioinformatics/analysis/CompBio/boweny/nf-Pipeline/Scundo3_v3.0/run/work/c0/2efbd25993c3781a6e64acd7654059 started: 1699318995079; exited: 2023-11-07T01:24:15.900613Z; ]
Nov-06 19:26:50.150 [Task monitor] DEBUG n.processor.TaskPollingMonitor - Task completed > TaskHandler[jobId: 74718; id: 17; name: SECUNDO3:RSEM_calculate (2); status: COMPLETED; exit: 0; error: -; workDir: /n/core/Bioinformatics/analysis/CompBio/boweny/nf-Pipeline/Scundo3_v3.0/run/work/84/0d0e42d57daac8b7b043069cf50ba1 started: 1699318985078; exited: 2023-11-07T01:26:43.50538Z; ]
Nov-06 19:26:55.131 [Task monitor] DEBUG n.processor.TaskPollingMonitor - Task completed > TaskHandler[jobId: 74720; id: 18; name: SECUNDO3:RSEM_calculate (3); status: COMPLETED; exit: 0; error: -; workDir: /n/core/Bioinformatics/analysis/CompBio/boweny/nf-Pipeline/Scundo3_v3.0/run/work/50/16a3682cc2ab9e8f05fb19ca4b5f93 started: 1699318985091; exited: 2023-11-07T01:26:46.563944Z; ]
Nov-06 19:26:55.263 [Task submitter] DEBUG nextflow.executor.GridTaskHandler - [SLURM] submitted process FINAL_REPORT:copy_index_files > jobId: 74743; workDir: /n/core/Bioinformatics/analysis/CompBio/boweny/nf-Pipeline/Scundo3_v3.0/run/work/38/0d4464cf9fb979d256d7c66ab1f185
Nov-06 19:26:55.263 [Task submitter] INFO  nextflow.Session - [38/0d4464] Submitted process > FINAL_REPORT:copy_index_files
Nov-06 19:27:35.130 [Task monitor] DEBUG n.processor.TaskPollingMonitor - Task completed > TaskHandler[jobId: 74743; id: 42; name: FINAL_REPORT:copy_index_files; status: COMPLETED; exit: 0; error: -; workDir: /n/core/Bioinformatics/analysis/CompBio/boweny/nf-Pipeline/Scundo3_v3.0/run/work/38/0d4464cf9fb979d256d7c66ab1f185 started: 1699320420125; exited: 2023-11-07T01:27:00.671452Z; ]
Nov-06 19:27:35.172 [Task submitter] DEBUG nextflow.executor.GridTaskHandler - [SLURM] submitted process FINAL_REPORT:target_tsv_lims_json_PublicData > jobId: 74744; workDir: /n/core/Bioinformatics/analysis/CompBio/boweny/nf-Pipeline/Scundo3_v3.0/run/work/94/f12ef0f80a4e5b5956f3838e9a47d0
Nov-06 19:27:35.172 [Task submitter] INFO  nextflow.Session - [94/f12ef0] Submitted process > FINAL_REPORT:target_tsv_lims_json_PublicData
Nov-06 19:27:35.208 [Task submitter] DEBUG nextflow.executor.GridTaskHandler - [SLURM] submitted process FINAL_REPORT:biotools_orderAppend > jobId: 74745; workDir: /n/core/Bioinformatics/analysis/CompBio/boweny/nf-Pipeline/Scundo3_v3.0/run/work/a7/4e612e4e1262ead1ae7f7d5ad54ce8
Nov-06 19:27:35.208 [Task submitter] INFO  nextflow.Session - [a7/4e612e] Submitted process > FINAL_REPORT:biotools_orderAppend
Nov-06 19:27:40.128 [Task monitor] DEBUG n.processor.TaskPollingMonitor - !! executor slurm > tasks to be completed: 2 -- submitted tasks are shown below
~> TaskHandler[jobId: 74744; id: 43; name: FINAL_REPORT:target_tsv_lims_json_PublicData; status: SUBMITTED; exit: -; error: -; workDir: /n/core/Bioinformatics/analysis/CompBio/boweny/nf-Pipeline/Scundo3_v3.0/run/work/94/f12ef0f80a4e5b5956f3838e9a47d0 started: -; exited: -; ]
~> TaskHandler[jobId: 74745; id: 44; name: FINAL_REPORT:biotools_orderAppend; status: SUBMITTED; exit: -; error: -; workDir: /n/core/Bioinformatics/analysis/CompBio/boweny/nf-Pipeline/Scundo3_v3.0/run/work/a7/4e612e4e1262ead1ae7f7d5ad54ce8 started: -; exited: -; ]
Nov-06 19:28:15.135 [Task monitor] DEBUG n.processor.TaskPollingMonitor - Task completed > TaskHandler[jobId: 74744; id: 43; name: FINAL_REPORT:target_tsv_lims_json_PublicData; status: COMPLETED; exit: 0; error: -; workDir: /n/core/Bioinformatics/analysis/CompBio/boweny/nf-Pipeline/Scundo3_v3.0/run/work/94/f12ef0f80a4e5b5956f3838e9a47d0 started: 1699320460130; exited: 2023-11-07T01:27:41.561139Z; ]
Nov-06 19:28:15.141 [Task monitor] DEBUG n.processor.TaskPollingMonitor - Task completed > TaskHandler[jobId: 74745; id: 44; name: FINAL_REPORT:biotools_orderAppend; status: COMPLETED; exit: 0; error: -; workDir: /n/core/Bioinformatics/analysis/CompBio/boweny/nf-Pipeline/Scundo3_v3.0/run/work/a7/4e612e4e1262ead1ae7f7d5ad54ce8 started: 1699320460133; exited: 2023-11-07T01:27:57.799015Z; ]
Nov-06 19:28:15.195 [Task submitter] DEBUG nextflow.executor.GridTaskHandler - [SLURM] submitted process FINAL_REPORT:run_RmarkDown_script > jobId: 74746; workDir: /n/core/Bioinformatics/analysis/CompBio/boweny/nf-Pipeline/Scundo3_v3.0/run/work/7d/fa31e1950fdf8f0651b17729ac1f89
Nov-06 19:28:15.197 [Task submitter] INFO  nextflow.Session - [7d/fa31e1] Submitted process > FINAL_REPORT:run_RmarkDown_script
Nov-06 19:28:55.137 [Task monitor] DEBUG n.processor.TaskPollingMonitor - Task completed > TaskHandler[jobId: 74746; id: 45; name: FINAL_REPORT:run_RmarkDown_script; status: COMPLETED; exit: 0; error: -; workDir: /n/core/Bioinformatics/analysis/CompBio/boweny/nf-Pipeline/Scundo3_v3.0/run/work/7d/fa31e1950fdf8f0651b17729ac1f89 started: 1699320500131; exited: 2023-11-07T01:28:33.316879Z; ]
Nov-06 19:28:55.138 [main] DEBUG nextflow.Session - Session await > all processes finished
Nov-06 19:28:55.139 [main] DEBUG nextflow.Session - Session await > all barriers passed
Nov-06 19:28:55.147 [main] DEBUG nextflow.util.ThreadPoolManager - Thread pool 'PublishDir' shutdown completed (hard=false)
Nov-06 19:28:55.155 [main] INFO  nextflow.script.BaseScript - Secundo3 Pipeline execution summary
---------------------------
Completed at: 2023-11-06T19:28:55.147885624-06:00
Duration    : 31m 26s
workDir     : /n/core/Bioinformatics/analysis/CompBio/boweny/nf-Pipeline/Scundo3_v3.0/run/work
Job status : Success! SECUNDO run Report link : [https://webfs/n/core/Bioinformatics/secondary/Trainor/fx2482/PRJNA807674.GRCz11.Ens_110/analysis_rnaseq.html]

Nov-06 19:28:55.250 [main] DEBUG nextflow.trace.WorkflowStatsObserver - Workflow completed > WorkflowStats[succeededCount=45; failedCount=0; ignoredCount=0; cachedCount=0; pendingCount=0; submittedCount=0; runningCount=0; retriesCount=0; abortedCount=0; succeedDuration=18h 40m 16s; failedDuration=0ms; cachedDuration=0ms;loadCpus=0; loadMemory=0; peakRunning=28; peakCpus=112; peakMemory=2.7 TB; ]
Nov-06 19:28:55.488 [main] DEBUG nextflow.cache.CacheDB - Closing CacheDB done
Nov-06 19:28:55.513 [main] DEBUG nextflow.util.ThreadPoolManager - Thread pool 'FileTransfer' shutdown completed (hard=false)
Nov-06 19:28:55.513 [main] DEBUG nextflow.script.ScriptRunner - > Execution complete -- Goodbye
